#
# There is insufficient memory for the Java Runtime Environment to continue.
# Native memory allocation (mmap) failed to map 67108864 bytes for G1 virtual space
# Possible reasons:
#   The system is out of physical RAM or swap space
#   The process is running with CompressedOops enabled, and the Java Heap may be blocking the growth of the native heap
# Possible solutions:
#   Reduce memory load on the system
#   Increase physical memory or swap space
#   Check if swap backing store is full
#   Decrease Java heap size (-Xmx/-Xms)
#   Decrease number of Java threads
#   Decrease Java thread stack sizes (-Xss)
#   Set larger code cache with -XX:ReservedCodeCacheSize=
#   JVM is running with Unscaled Compressed Oops mode in which the Java heap is
#     placed in the first 4GB address space. The Java Heap base address is the
#     maximum limit for the native heap growth. Please use -XX:HeapBaseMinAddress
#     to set the Java Heap base and to place the Java Heap above 4GB virtual address.
# This output file may be truncated or incomplete.
#
#  Out of Memory Error (os_windows.cpp:3548), pid=23316, tid=22376
#
# JRE version:  (17.0.12+8) (build )
# Java VM: Java HotSpot(TM) 64-Bit Server VM (17.0.12+8-LTS-286, mixed mode, sharing, tiered, compressed oops, compressed class ptrs, g1 gc, windows-amd64)
# No core dump will be written. Minidumps are not enabled by default on client versions of Windows
#

---------------  S U M M A R Y ------------

Command Line: -Xmx64m -Xms64m -Dorg.gradle.appname=gradlew org.gradle.wrapper.GradleWrapperMain app:installDebug -PreactNativeDevServerPort=8081

Host: Intel(R) Celeron(R) N4020 CPU @ 1.10GHz, 2 cores, 3G,  Windows 11 , 64 bit Build 22621 (10.0.22621.3958)
Time: Sat Nov  9 00:01:41 2024 SE Asia Standard Time elapsed time: 5.158267 seconds (0d 0h 0m 5s)

---------------  T H R E A D  ---------------

Current thread (0x0000012795685f30):  JavaThread "Unknown thread" [_thread_in_vm, id=22376, stack(0x0000000100400000,0x0000000100500000)]

Stack: [0x0000000100400000,0x0000000100500000]
Native frames: (J=compiled Java code, j=interpreted, Vv=VM code, C=native code)
V  [jvm.dll+0x67a04a]
V  [jvm.dll+0x7da4ed]
V  [jvm.dll+0x7dbe33]
V  [jvm.dll+0x7dc4a3]
V  [jvm.dll+0x24508f]
V  [jvm.dll+0x677089]
V  [jvm.dll+0x66bd32]
V  [jvm.dll+0x301fa6]
V  [jvm.dll+0x309546]
V  [jvm.dll+0x359d2e]
V  [jvm.dll+0x359f5f]
V  [jvm.dll+0x2d9078]
V  [jvm.dll+0x2d9fe4]
V  [jvm.dll+0x7aca21]
V  [jvm.dll+0x367591]
V  [jvm.dll+0x78b999]
V  [jvm.dll+0x3ec83f]
V  [jvm.dll+0x3ee471]
C  [jli.dll+0x5297]
C  [ucrtbase.dll+0x29333]
C  [KERNEL32.DLL+0x1257d]
C  [ntdll.dll+0x5af08]


---------------  P R O C E S S  ---------------

Threads class SMR info:
_java_thread_list=0x00007ff99d1d7a18, length=0, elements={
}

Java Threads: ( => current thread )

Other Threads:
  0x00000127956a6470 GCTaskThread "GC Thread#0" [stack: 0x0000000000000000,0x0000000000000000] [id=20832]
  0x00000127956a8bd0 ConcurrentGCThread "G1 Main Marker" [stack: 0x0000000100700000,0x0000000100800000] [id=23240]
  0x00000127956a95e0 ConcurrentGCThread "G1 Conc#0" [stack: 0x0000000000000000,0x0000000000000000] [id=17824]

[error occurred during error reporting (printing all threads), id 0xc0000005, EXCEPTION_ACCESS_VIOLATION (0xc0000005) at pc=0x00007ff99ca09b67]

VM state: not at safepoint (not fully initialized)

VM Mutex/Monitor currently owned by a thread:  ([mutex/lock_event])
[0x0000012795683920] Heap_lock - owner thread: 0x0000012795685f30

Heap address: 0x00000000fc000000, size: 64 MB, Compressed Oops mode: 32-bit

CDS archive(s) mapped at: [0x0000000000000000-0x0000000000000000-0x0000000000000000), size 0, SharedBaseAddress: 0x0000000800000000, ArchiveRelocationMode: 1.
Narrow klass base: 0x0000000000000000, Narrow klass shift: 0, Narrow klass range: 0x0

GC Precious Log:
<Empty>

Heap:
 garbage-first heap   total 0K, used 0K [0x00000000fc000000, 0x0000000100000000)
  region size 1024K, 0 young (0K), 0 survivors (0K)

[error occurred during error reporting (printing heap information), id 0xc0000005, EXCEPTION_ACCESS_VIOLATION (0xc0000005) at pc=0x00007ff99cdf3859]

GC Heap History (0 events):
No events

Deoptimization events (0 events):
No events

Classes unloaded (0 events):
No events

Classes redefined (0 events):
No events

Internal exceptions (0 events):
No events

VM Operations (0 events):
No events

Events (1 events):
Event: 5.131 Loaded shared library C:\Program Files\Java\jdk-17\bin\java.dll


Dynamic libraries:
0x00007ff6a8a40000 - 0x00007ff6a8a50000 	C:\Program Files\Java\jdk-17\bin\java.exe
0x00007ffa05210000 - 0x00007ffa05427000 	C:\WINDOWS\SYSTEM32\ntdll.dll
0x00007ffa03360000 - 0x00007ffa03424000 	C:\WINDOWS\System32\KERNEL32.DLL
0x00007ffa025d0000 - 0x00007ffa02987000 	C:\WINDOWS\System32\KERNELBASE.dll
0x00007ffa02d80000 - 0x00007ffa02e91000 	C:\WINDOWS\System32\ucrtbase.dll
0x00007ff9af8f0000 - 0x00007ff9af909000 	C:\Program Files\Java\jdk-17\bin\jli.dll
0x00007ffa05110000 - 0x00007ffa051c2000 	C:\WINDOWS\System32\ADVAPI32.dll
0x00007ffa05020000 - 0x00007ffa050c7000 	C:\WINDOWS\System32\msvcrt.dll
0x00007ffa04880000 - 0x00007ffa04928000 	C:\WINDOWS\System32\sechost.dll
0x00007ffa025a0000 - 0x00007ffa025c8000 	C:\WINDOWS\System32\bcrypt.dll
0x00007ffa04ab0000 - 0x00007ffa04bc4000 	C:\WINDOWS\System32\RPCRT4.dll
0x00007ffa02f40000 - 0x00007ffa030ef000 	C:\WINDOWS\System32\USER32.dll
0x00007ffa02b70000 - 0x00007ffa02b96000 	C:\WINDOWS\System32\win32u.dll
0x00007ffa03330000 - 0x00007ffa03359000 	C:\WINDOWS\System32\GDI32.dll
0x00007ffa02ba0000 - 0x00007ffa02cb8000 	C:\WINDOWS\System32\gdi32full.dll
0x00007ffa02ea0000 - 0x00007ffa02f3a000 	C:\WINDOWS\System32\msvcp_win.dll
0x00007ff9abac0000 - 0x00007ff9abadb000 	C:\Program Files\Java\jdk-17\bin\VCRUNTIME140.dll
0x00007ff9ed9d0000 - 0x00007ff9edc63000 	C:\WINDOWS\WinSxS\amd64_microsoft.windows.common-controls_6595b64144ccf1df_6.0.22621.3672_none_2713b9d173822955\COMCTL32.dll
0x00007ff9f2f60000 - 0x00007ff9f2f6a000 	C:\WINDOWS\SYSTEM32\VERSION.dll
0x00007ffa050d0000 - 0x00007ffa05101000 	C:\WINDOWS\System32\IMM32.DLL
0x00007ff9f1900000 - 0x00007ff9f190c000 	C:\Program Files\Java\jdk-17\bin\vcruntime140_1.dll
0x00007ff9a8250000 - 0x00007ff9a82de000 	C:\Program Files\Java\jdk-17\bin\msvcp140.dll
0x00007ff99c720000 - 0x00007ff99d300000 	C:\Program Files\Java\jdk-17\bin\server\jvm.dll
0x00007ffa04380000 - 0x00007ffa04388000 	C:\WINDOWS\System32\PSAPI.DLL
0x00007ff9e00a0000 - 0x00007ff9e00a9000 	C:\WINDOWS\SYSTEM32\WSOCK32.dll
0x00007ffa03430000 - 0x00007ffa034a1000 	C:\WINDOWS\System32\WS2_32.dll
0x00007ff9f96a0000 - 0x00007ff9f96d4000 	C:\WINDOWS\SYSTEM32\WINMM.dll
0x00007ffa01540000 - 0x00007ffa01558000 	C:\WINDOWS\SYSTEM32\kernel.appcore.dll
0x00007ff9dfe90000 - 0x00007ff9dfe9a000 	C:\Program Files\Java\jdk-17\bin\jimage.dll
0x00007ff9ffd60000 - 0x00007ff9fff92000 	C:\WINDOWS\SYSTEM32\DBGHELP.DLL
0x00007ffa03f60000 - 0x00007ffa042ee000 	C:\WINDOWS\System32\combase.dll
0x00007ffa034b0000 - 0x00007ffa03587000 	C:\WINDOWS\System32\OLEAUT32.dll
0x00007ff9e2a80000 - 0x00007ff9e2ab2000 	C:\WINDOWS\SYSTEM32\dbgcore.DLL
0x00007ffa02520000 - 0x00007ffa0259b000 	C:\WINDOWS\System32\bcryptPrimitives.dll
0x00007ff9a6eb0000 - 0x00007ff9a6ed5000 	C:\Program Files\Java\jdk-17\bin\java.dll

dbghelp: loaded successfully - version: 4.0.5 - missing functions: none
symbol engine: initialized successfully - sym options: 0x614 - pdb path: .;C:\Program Files\Java\jdk-17\bin;C:\WINDOWS\SYSTEM32;C:\WINDOWS\WinSxS\amd64_microsoft.windows.common-controls_6595b64144ccf1df_6.0.22621.3672_none_2713b9d173822955;C:\Program Files\Java\jdk-17\bin\server

VM Arguments:
jvm_args: -Xmx64m -Xms64m -Dorg.gradle.appname=gradlew 
java_command: org.gradle.wrapper.GradleWrapperMain app:installDebug -PreactNativeDevServerPort=8081
java_class_path (initial): C:\Users\abibb\TugasAkhir\android\\gradle\wrapper\gradle-wrapper.jar
Launcher Type: SUN_STANDARD

[Global flags]
     intx CICompilerCount                          = 2                                         {product} {ergonomic}
     uint ConcGCThreads                            = 1                                         {product} {ergonomic}
     uint G1ConcRefinementThreads                  = 2                                         {product} {ergonomic}
   size_t G1HeapRegionSize                         = 1048576                                   {product} {ergonomic}
    uintx GCDrainStackTargetSize                   = 64                                        {product} {ergonomic}
   size_t InitialHeapSize                          = 67108864                                  {product} {command line}
   size_t MarkStackSize                            = 4194304                                   {product} {ergonomic}
   size_t MaxHeapSize                              = 67108864                                  {product} {command line}
   size_t MinHeapDeltaBytes                        = 1048576                                   {product} {ergonomic}
   size_t MinHeapSize                              = 67108864                                  {product} {command line}
    uintx NonNMethodCodeHeapSize                   = 5826188                                {pd product} {ergonomic}
    uintx NonProfiledCodeHeapSize                  = 122916026                              {pd product} {ergonomic}
    uintx ProfiledCodeHeapSize                     = 122916026                              {pd product} {ergonomic}
    uintx ReservedCodeCacheSize                    = 251658240                              {pd product} {ergonomic}
     bool SegmentedCodeCache                       = true                                      {product} {ergonomic}
   size_t SoftMaxHeapSize                          = 67108864                               {manageable} {ergonomic}
     bool UseCompressedClassPointers               = true                           {product lp64_product} {ergonomic}
     bool UseCompressedOops                        = true                           {product lp64_product} {ergonomic}
     bool UseG1GC                                  = true                                      {product} {ergonomic}
     bool UseLargePagesIndividualAllocation        = false                                  {pd product} {ergonomic}

Logging:
Log output configuration:
 #0: stdout all=warning uptime,level,tags
 #1: stderr all=off uptime,level,tags

Environment Variables:
JAVA_HOME=C:\Program Files\Java\jdk-17
CLASSPATH=C:\Users\abibb\TugasAkhir\android\\gradle\wrapper\gradle-wrapper.jar
PATH=C:\Users\abibb\TugasAkhir\node_modules\.bin;C:\Users\abibb\TugasAkhir\node_modules\.bin;C:\Users\abibb\node_modules\.bin;C:\Users\node_modules\.bin;C:\node_modules\.bin;C:\Users\abibb\AppData\Roaming\npm\node_modules\npm\node_modules\@npmcli\run-script\lib\node-gyp-bin;C:\Users\abibb\TugasAkhir\node_modules\.bin;C:\Users\abibb\TugasAkhir\node_modules\.bin;C:\Users\abibb\node_modules\.bin;C:\Users\node_modules\.bin;C:\node_modules\.bin;C:\Users\abibb\AppData\Roaming\npm\node_modules\npm\node_modules\@npmcli\run-script\lib\node-gyp-bin;C:\Program Files\Common Files\Oracle\Java\javapath;C:\WINDOWS\system32;C:\WINDOWS;C:\WINDOWS\System32\Wbem;C:\WINDOWS\System32\WindowsPowerShell\v1.0\;C:\WINDOWS\System32\OpenSSH\;C:\Program Files\nodejs\;C:\Users\abibb\AppData\Local\Android\Sdk\platform-tools;C:\Program Files\Java\jdk-17\bin;C:\Program Files (x86)\Git\cmd;C:\ProgramData\chocolatey\bin;C:\Users\abibb\AppData\Local\Android\Sdk\platform-tools;C:\Users\abibb\AppData\Local\Android\Sdk\cmdline-tools\latest\bin;C:\xampp\php;C:\ProgramData\ComposerSetup\bin;C:\Users\abibb\AppData\Local\Android\Sdk\tools;C:\Users\abibb\AppData\Local\Microsoft\WindowsApps;C:\Users\abibb\AppData\Roaming\npm;C:\Microsoft VS Code\bin;C:\Users\abibb\AppData\Local\Android\Sdk\emulator;C:\Users\abibb\AppData\Local\Android\Sdk\build-tools;C:\Users\abibb\AppData\Local\Android\Sdk\tools\bin;C:\Users\abibb\AppData\Local\Android\Sdk\platform-tools;C:\Users\abibb\AppData\Local\Android\Sdk\tools;C:\Users\abibb\AppData\Local\Android\Sdk\cmdline-tools\bin;C:\Users\abibb\AppData\Roaming\Composer\vendor\bin;
USERNAME=abibb
LANG=en_US.UTF-8
OS=Windows_NT
PROCESSOR_IDENTIFIER=Intel64 Family 6 Model 122 Stepping 8, GenuineIntel



---------------  S Y S T E M  ---------------

OS:
 Windows 11 , 64 bit Build 22621 (10.0.22621.3958)
OS uptime: 3 days 4:21 hours
Hyper-V role detected

CPU: total 2 (initial active 2) (2 cores per cpu, 1 threads per core) family 6 model 122 stepping 8 microcode 0x18, cx8, cmov, fxsr, mmx, 3dnowpref, sse, sse2, sse3, ssse3, sse4.1, sse4.2, popcnt, tsc, tscinvbit, aes, erms, clmul, sha, clflush, clflushopt, hv

Memory: 4k page, system-wide physical 3918M (43M free)
TotalPageFile size 15694M (AvailPageFile size 33M)
current process WorkingSet (physical memory assigned to process): 10M, peak: 10M
current process commit charge ("private bytes"): 47M, peak: 111M

vm_info: Java HotSpot(TM) 64-Bit Server VM (17.0.12+8-LTS-286) for windows-amd64 JRE (17.0.12+8-LTS-286), built on Jun  5 2024 06:46:59 by "mach5one" with MS VC++ 17.6 (VS2022)

END.
